\BOOKMARK [1][-]{section.1}{\376\377\122\115\212\000}{}% 1
\BOOKMARK [2][-]{subsection.1.1}{\376\377\137\025\212\000}{section.1}% 2
\BOOKMARK [2][-]{subsection.1.2}{\376\377\116\272\165\037\166\204\142\211\142\351}{section.1}% 3
\BOOKMARK [2][-]{subsection.1.3}{\376\377\227\136\146\264\122\233\154\237\220\032\166\204\211\201\175\040}{section.1}% 4
\BOOKMARK [2][-]{subsection.1.4}{\376\377\227\136\146\264\122\233\154\237\220\032\166\204\217\320\165\050}{section.1}% 5
\BOOKMARK [2][-]{subsection.1.5}{\376\377\134\017\176\323}{section.1}% 6
\BOOKMARK [2][-]{subsection.1.6}{\376\377\227\136\146\264\122\233\154\237\220\032\150\110\117\213}{section.1}% 7
\BOOKMARK [1][-]{section.2}{\376\377\146\057\116\300\116\110\204\231\205\075\116\206\162\061\377\037}{}% 8
\BOOKMARK [2][-]{subsection.2.1}{\376\377\220\123\137\267\213\304\122\044}{section.2}% 9
\BOOKMARK [2][-]{subsection.2.2}{\376\377\217\333\210\114\153\324\217\203}{section.2}% 10
\BOOKMARK [2][-]{subsection.2.3}{\376\377\126\336\220\177\215\043\116\373}{section.2}% 11
\BOOKMARK [2][-]{subsection.2.4}{\376\377\137\072\116\272\142\100\226\276}{section.2}% 12
\BOOKMARK [2][-]{subsection.2.5}{\376\377\134\017\176\323}{section.2}% 13
\BOOKMARK [1][-]{section.3}{\376\377\123\072\122\006\211\302\133\337\124\214\213\304\213\272}{}% 14
\BOOKMARK [2][-]{subsection.3.1}{\376\377\116\272\174\173\146\172\122\233\166\204\147\000\232\330\137\142\137\017}{section.3}% 15
\BOOKMARK [2][-]{subsection.3.2}{\376\377\123\072\122\006\211\302\133\337\124\214\213\304\213\272}{section.3}% 16
\BOOKMARK [2][-]{subsection.3.3}{\376\377\134\017\176\323}{section.3}% 17
\BOOKMARK [2][-]{subsection.3.4}{\376\377\176\303\116\140\116\000\377\032\211\302\133\337\142\026\213\304\213\272\377\037}{section.3}% 18
\BOOKMARK [1][-]{section.4}{\376\377\117\123\117\032\124\214\210\150\217\276\141\037\123\327}{}% 19
\BOOKMARK [2][-]{subsection.4.1}{\376\377\210\253\123\213\142\221\166\204\137\303\160\165}{section.4}% 20
\BOOKMARK [2][-]{subsection.4.2}{\376\377\123\072\122\006\141\037\123\327\124\214\140\363\154\325}{section.4}% 21
\BOOKMARK [2][-]{subsection.4.3}{\376\377\136\372\172\313\210\150\217\276\141\037\123\327\166\204\213\315\154\107\210\150}{section.4}% 22
\BOOKMARK [2][-]{subsection.4.4}{\376\377\134\017\176\323}{section.4}% 23
\BOOKMARK [2][-]{subsection.4.5}{\376\377\176\303\116\140\116\214\000\040\210\150\217\276\141\037\123\327}{section.4}% 24
\BOOKMARK [1][-]{section.5}{\376\377\141\037\123\327\166\204\150\071\156\220}{}% 25
\BOOKMARK [2][-]{subsection.5.1}{\376\377\124\054\122\060\116\015\116\055\124\054\166\204\213\335\377\032\126\333\171\315\220\011\142\351}{section.5}% 26
\BOOKMARK [2][-]{subsection.5.2}{\376\377\227\136\146\264\122\233\154\237\220\032\227\000\211\201\377\032\165\037\124\175\120\145\136\267\142\020\225\177\166\204\211\201\175\040}{section.5}% 27
\BOOKMARK [2][-]{subsection.5.3}{\376\377\226\276\116\345\142\177\123\327\166\204\165\333\202\346}{section.5}% 28
\BOOKMARK [2][-]{subsection.5.4}{\376\377\116\316\000`\000`\140\305\141\037\166\204\131\164\226\266\000'\000'\122\060\000`\000`\165\037\155\073\166\204\116\073\116\272\000'\000'}{section.5}% 29
\BOOKMARK [3][-]{subsubsection.5.4.1}{\376\377\000`\000`\140\305\141\037\166\204\131\164\226\266\000'\000'}{subsection.5.4}% 30
\BOOKMARK [3][-]{subsubsection.5.4.2}{\376\377\000`\000`\227\142\166\356\123\357\141\216\000'\000'}{subsection.5.4}% 31
\BOOKMARK [3][-]{subsubsection.5.4.3}{\376\377\000`\000`\165\037\155\073\166\204\116\073\116\272\000'\000'}{subsection.5.4}% 32
\BOOKMARK [2][-]{subsection.5.5}{\376\377\134\017\176\323}{section.5}% 33
\BOOKMARK [2][-]{subsection.5.6}{\376\377\176\303\116\140\116\011\000\040\227\000\211\201\124\214\141\037\123\327\166\204\121\163\174\373}{section.5}% 34
\BOOKMARK [1][-]{section.6}{\376\377\213\367\154\102\136\056\122\251}{}% 35
\BOOKMARK [2][-]{subsection.6.1}{\376\377\143\320\121\372\121\167\117\123\166\204\213\367\154\102}{section.6}% 36
\BOOKMARK [2][-]{subsection.6.2}{\376\377\146\016\170\156\214\010\213\335\166\204\166\356\166\204}{section.6}% 37
\BOOKMARK [2][-]{subsection.6.3}{\376\377\213\367\154\102\123\315\231\210}{section.6}% 38
\BOOKMARK [2][-]{subsection.6.4}{\376\377\116\206\211\343\116\326\116\272\166\204\123\315\136\224}{section.6}% 39
\BOOKMARK [2][-]{subsection.6.5}{\376\377\127\050\226\306\117\123\213\250\213\272\145\366\143\320\121\372\213\367\154\102}{section.6}% 40
\BOOKMARK [2][-]{subsection.6.6}{\376\377\213\367\154\102\116\016\124\175\116\344}{section.6}% 41
\BOOKMARK [2][-]{subsection.6.7}{\376\377\227\136\146\264\122\233\154\237\220\032\166\204\166\356\166\204}{section.6}% 42
\BOOKMARK [2][-]{subsection.6.8}{\376\377\134\017\176\323}{section.6}% 43
\BOOKMARK [2][-]{subsection.6.9}{\376\377\122\235\131\175\147\013\123\313\142\022\160\337}{section.6}% 44
\BOOKMARK [2][-]{subsection.6.10}{\376\377\176\303\116\140\126\333\000\040\143\320\121\372\213\367\154\102}{section.6}% 45
\BOOKMARK [1][-]{section.7}{\376\377\165\050\121\150\216\253\137\303\120\076\124\054}{}% 46
\BOOKMARK [2][-]{subsection.7.1}{\376\377\117\123\117\032\116\326\116\272\166\204\141\037\123\327\124\214\227\000\211\201}{section.7}% 47
\BOOKMARK [2][-]{subsection.7.2}{\376\377\176\331\116\326\116\272\123\315\231\210}{section.7}% 48
\BOOKMARK [2][-]{subsection.7.3}{\376\377\117\335\143\001\121\163\154\350}{section.7}% 49
\BOOKMARK [2][-]{subsection.7.4}{\376\377\137\123\142\021\116\354\165\333\202\346\137\227\145\340\154\325\120\076\124\054}{section.7}% 50
\BOOKMARK [2][-]{subsection.7.5}{\376\377\134\017\176\323}{section.7}% 51
\BOOKMARK [2][-]{subsection.7.6}{\376\377\176\303\116\140\116\224\000\040\120\076\124\054\116\326\116\272\136\166\176\331\116\210\123\315\231\210}{section.7}% 52
\BOOKMARK [1][-]{section.8}{\376\377\120\076\124\054\166\204\122\233\221\317}{}% 53
\BOOKMARK [2][-]{subsection.8.1}{\376\377\120\076\124\054\117\177\216\253\137\303\165\312\141\010}{section.8}% 54
\BOOKMARK [2][-]{subsection.8.2}{\376\377\120\076\124\054\124\214\171\072\137\061\166\204\200\375\122\233}{section.8}% 55
\BOOKMARK [2][-]{subsection.8.3}{\376\377\120\076\124\054\230\204\226\062\157\134\127\050\166\204\146\264\122\233}{section.8}% 56
\BOOKMARK [2][-]{subsection.8.4}{\376\377\131\202\147\234\122\053\116\272\213\364\000`\000`\116\015\377\001\000'\000'}{section.8}% 57
\BOOKMARK [2][-]{subsection.8.5}{\376\377\117\177\214\010\213\335\165\037\122\250\147\011\215\243}{section.8}% 58
\BOOKMARK [2][-]{subsection.8.6}{\376\377\131\202\147\234\122\053\116\272\117\335\143\001\154\211\236\330}{section.8}% 59
\BOOKMARK [2][-]{subsection.8.7}{\376\377\134\017\176\323}{section.8}% 60
\BOOKMARK [1][-]{section.9}{\376\377\162\061\201\352\135\361}{}% 61
\BOOKMARK [2][-]{subsection.9.1}{\376\377\213\251\165\037\124\175\116\113\202\261\176\375\145\076}{section.9}% 62
\BOOKMARK [2][-]{subsection.9.2}{\376\377\137\123\142\021\116\354\166\204\210\150\163\260\116\015\133\214\177\216}{section.9}% 63
\BOOKMARK [2][-]{subsection.9.3}{\376\377\116\072\116\300\116\110\117\032\201\352\215\043\377\037}{section.9}% 64
\BOOKMARK [2][-]{subsection.9.4}{\376\377\227\136\146\264\122\233\154\237\220\032\166\204\137\347\117\044}{section.9}% 65
\BOOKMARK [2][-]{subsection.9.5}{\376\377\201\352\142\021\133\275\140\125}{section.9}% 66
\BOOKMARK [2][-]{subsection.9.6}{\376\377\131\026\210\143\147\323\116\012\130\250\154\064\136\046\147\145\166\204\124\057\123\321}{section.9}% 67
\BOOKMARK [2][-]{subsection.9.7}{\376\377\000`\000`\116\015\211\201\120\132\116\373\117\125\154\241\147\011\116\120\215\243\166\204\116\213\140\305\377\001\000'\000'}{section.9}% 68
\BOOKMARK [2][-]{subsection.9.8}{\376\377\165\050\000`\000`\220\011\142\351\120\132\000'\000'\116\343\146\377\000`\000`\116\015\137\227\116\015\000'\000'}{section.9}% 69
\BOOKMARK [2][-]{subsection.9.9}{\376\377\155\361\121\145\164\006\211\343\142\021\116\354\210\114\116\072\166\204\122\250\147\072}{section.9}% 70
\BOOKMARK [2][-]{subsection.9.10}{\376\377\134\017\176\323}{section.9}% 71
\BOOKMARK [1][-]{section.10}{\376\377\121\105\122\006\210\150\217\276\141\044\140\022}{}% 72
\BOOKMARK [2][-]{subsection.10.1}{\376\377\116\072\116\300\116\110\142\021\116\354\117\032\165\037\154\024\377\037}{section.10}% 73
\BOOKMARK [2][-]{subsection.10.2}{\376\377\000`\000`\124\010\164\006\166\204\141\044\140\022\000'\000'\377\037}{section.10}% 74
\BOOKMARK [2][-]{subsection.10.3}{\376\377\146\264\122\233\166\204\171\315\133\120}{section.10}% 75
\BOOKMARK [2][-]{subsection.10.4}{\376\377\210\150\217\276\141\044\140\022\166\204\126\333\116\052\153\145\232\244}{section.10}% 76
\BOOKMARK [2][-]{subsection.10.5}{\376\377\121\110\120\076\124\054\116\326\116\272}{section.10}% 77
\BOOKMARK [2][-]{subsection.10.6}{\376\377\176\331\201\352\135\361\145\366\225\364}{section.10}% 78
\BOOKMARK [2][-]{subsection.10.7}{\376\377\134\017\176\323}{section.10}% 79
\BOOKMARK [2][-]{subsection.10.8}{\376\377\227\136\146\264\122\233\154\237\220\032\133\236\117\213}{section.10}% 80
\BOOKMARK [1][-]{section.11}{\376\377\217\320\165\050\137\072\122\066\122\233\220\177\121\115\117\044\133\263}{}% 81
\BOOKMARK [2][-]{subsection.11.1}{\376\377\117\177\165\050\137\072\122\066\122\233\166\204\166\356\166\204}{section.11}% 82
\BOOKMARK [2][-]{subsection.11.2}{\376\377\140\351\177\132\166\204\174\173\127\213}{section.11}% 83
\BOOKMARK [2][-]{subsection.11.3}{\376\377\140\351\177\132\166\204\116\343\116\367}{section.11}% 84
\BOOKMARK [2][-]{subsection.11.4}{\376\377\140\351\177\132\166\204\134\100\226\120\140\047}{section.11}% 85
\BOOKMARK [2][-]{subsection.11.5}{\376\377\217\320\165\050\227\136\146\264\122\233\154\237\220\032\147\145\221\315\136\372\150\041\126\355\171\351\136\217}{section.11}% 86
\BOOKMARK [2][-]{subsection.11.6}{\376\377\134\017\176\323}{section.11}% 87
\BOOKMARK [1][-]{section.12}{\376\377\221\315\203\267\165\037\155\073\166\204\160\355\140\305}{}% 88
\BOOKMARK [2][-]{subsection.12.1}{\376\377\120\076\124\054\121\205\137\303\166\204\130\360\227\363}{section.12}% 89
\BOOKMARK [2][-]{subsection.12.2}{\376\377\211\343\121\263\121\205\137\303\166\204\121\262\172\201}{section.12}% 90
\BOOKMARK [2][-]{subsection.12.3}{\376\377\137\303\160\165\163\257\117\335}{section.12}% 91
\BOOKMARK [2][-]{subsection.12.4}{\376\377\165\050\227\136\146\264\122\233\154\237\220\032\116\343\146\377\213\312\145\255}{section.12}% 92
\BOOKMARK [2][-]{subsection.12.5}{\376\377\134\017\176\323}{section.12}% 93
\BOOKMARK [2][-]{subsection.12.6}{\376\377\123\026\211\343\171\357\140\050}{section.12}% 94
\BOOKMARK [1][-]{section.13}{\376\377\210\150\217\276\141\037\157\300}{}% 95
\BOOKMARK [2][-]{subsection.13.1}{\376\377\215\136\142\154\166\204\122\250\147\072}{section.13}% 96
\BOOKMARK [2][-]{subsection.13.2}{\376\377\227\136\146\264\122\233\154\237\220\032\210\150\217\276\141\037\157\300\166\204\145\271\137\017}{section.13}% 97
\BOOKMARK [2][-]{subsection.13.3}{\376\377\143\245\123\327\122\053\116\272\166\204\141\037\157\300}{section.13}% 98
\BOOKMARK [2][-]{subsection.13.4}{\376\377\133\371\141\037\157\300\166\204\156\064\147\033}{section.13}% 99
\BOOKMARK [2][-]{subsection.13.5}{\376\377\121\105\122\006\210\150\217\276\141\037\157\300}{section.13}% 100
\BOOKMARK [2][-]{subsection.13.6}{\376\377\134\017\176\323}{section.13}% 101
\BOOKMARK [1][-]{section.14}{\376\377\124\016\213\260}{}% 102
\BOOKMARK [1][-]{section.15}{\376\377\226\104\137\125}{}% 103
\BOOKMARK [2][-]{subsection.15.1}{\376\377\213\332\133\236\127\060\210\150\217\276\201\352\135\361\377\014\200\014\116\015\142\171\213\304\060\001\143\007\215\043}{section.15}% 104
\BOOKMARK [2][-]{subsection.15.2}{\376\377\121\163\122\007\127\060\120\076\124\054\116\326\116\272\377\014\200\014\116\015\211\343\213\373\116\072\142\171\213\304\142\026\143\007\215\043}{section.15}% 105
